<?xml version="1.0" encoding="UTF-8"?>
<testng-results skipped="0" failed="0" ignored="0" total="1" passed="1">
  <reporter-output>
  </reporter-output>
  <suite name="Default suite" duration-ms="64127" started-at="2017-03-21T16:07:49Z" finished-at="2017-03-21T16:08:54Z">
    <groups>
    </groups>
    <test name="Default test" duration-ms="64127" started-at="2017-03-21T16:07:49Z" finished-at="2017-03-21T16:08:54Z">
      <class name="test.appium.AppiumTest">
        <test-method status="PASS" signature="setUp()[pri:0, instance:test.appium.AppiumTest@754ba872]" name="setUp" is-config="true" duration-ms="32648" started-at="2017-03-21T21:37:50Z" finished-at="2017-03-21T21:38:22Z">
          <reporter-output>
          </reporter-output>
        </test-method> <!-- setUp -->
        <test-method status="PASS" signature="SignIn()[pri:1, instance:test.appium.AppiumTest@754ba872]" name="SignIn" duration-ms="28344" started-at="2017-03-21T21:38:22Z" finished-at="2017-03-21T21:38:51Z">
          <reporter-output>
          </reporter-output>
        </test-method> <!-- SignIn -->
        <test-method status="PASS" signature="tearDown()[pri:0, instance:test.appium.AppiumTest@754ba872]" name="tearDown" is-config="true" duration-ms="3106" started-at="2017-03-21T21:38:51Z" finished-at="2017-03-21T21:38:54Z">
          <reporter-output>
          </reporter-output>
        </test-method> <!-- tearDown -->
      </class> <!-- test.appium.AppiumTest -->
    </test> <!-- Default test -->
  </suite> <!-- Default suite -->
</testng-results>
