<?xml version="1.0" encoding="UTF-8"?>
<testng-results skipped="0" failed="0" ignored="0" total="1" passed="1">
  <reporter-output>
  </reporter-output>
  <suite name="test.appium.AppiumTest" duration-ms="60507" started-at="2017-03-21T17:54:16Z" finished-at="2017-03-21T17:55:16Z">
    <groups>
    </groups>
    <test name="Command line test" duration-ms="60507" started-at="2017-03-21T17:54:16Z" finished-at="2017-03-21T17:55:16Z">
      <class name="test.appium.AppiumTest">
        <test-method status="PASS" signature="setUp()[pri:0, instance:test.appium.AppiumTest@3a03464]" name="setUp" is-config="true" duration-ms="23327" started-at="2017-03-21T23:24:16Z" finished-at="2017-03-21T23:24:39Z">
          <reporter-output>
          </reporter-output>
        </test-method> <!-- setUp -->
        <test-method status="PASS" signature="SignIn()[pri:1, instance:test.appium.AppiumTest@3a03464]" name="SignIn" duration-ms="34275" started-at="2017-03-21T23:24:39Z" finished-at="2017-03-21T23:25:13Z">
          <reporter-output>
          </reporter-output>
        </test-method> <!-- SignIn -->
        <test-method status="PASS" signature="tearDown()[pri:0, instance:test.appium.AppiumTest@3a03464]" name="tearDown" is-config="true" duration-ms="2874" started-at="2017-03-21T23:25:13Z" finished-at="2017-03-21T23:25:16Z">
          <reporter-output>
          </reporter-output>
        </test-method> <!-- tearDown -->
      </class> <!-- test.appium.AppiumTest -->
    </test> <!-- Command line test -->
  </suite> <!-- test.appium.AppiumTest -->
</testng-results>
